<?xml version="1.0" encoding="UTF-8"?>
<coverage generated="1739223342708" clover="3.2.0">
  <project timestamp="1739223342708" name="All files">
    <metrics statements="158" coveredstatements="145" conditionals="57" coveredconditionals="42" methods="27" coveredmethods="25" elements="242" coveredelements="212" complexity="0" loc="158" ncloc="158" packages="9" files="14" classes="14"/>
    <package name="application.dto">
      <metrics statements="24" coveredstatements="21" conditionals="13" coveredconditionals="6" methods="2" coveredmethods="2"/>
      <file name="AssignmentDto.ts" path="C:\Users\Usuario\Documents\programacion\microservicios\ms-dispatch-service\src\application\dto\AssignmentDto.ts">
        <metrics statements="6" coveredstatements="6" conditionals="0" coveredconditionals="0" methods="1" coveredmethods="1"/>
        <line num="5" count="2" type="stmt"/>
        <line num="19" count="1" type="stmt"/>
        <line num="20" count="1" type="stmt"/>
        <line num="21" count="1" type="stmt"/>
        <line num="22" count="1" type="stmt"/>
        <line num="23" count="1" type="stmt"/>
      </file>
      <file name="CreateAssignmentDto.ts" path="C:\Users\Usuario\Documents\programacion\microservicios\ms-dispatch-service\src\application\dto\CreateAssignmentDto.ts">
        <metrics statements="18" coveredstatements="15" conditionals="13" coveredconditionals="6" methods="1" coveredmethods="1"/>
        <line num="6" count="1" type="stmt"/>
        <line num="25" count="1" type="cond" truecount="0" falsecount="1"/>
        <line num="26" count="1" type="cond" truecount="0" falsecount="1"/>
        <line num="27" count="1" type="cond" truecount="0" falsecount="1"/>
        <line num="28" count="1" type="cond" truecount="0" falsecount="1"/>
        <line num="29" count="1" type="cond" truecount="2" falsecount="1"/>
        <line num="30" count="0" type="stmt"/>
        <line num="31" count="1" type="cond" truecount="2" falsecount="1"/>
        <line num="32" count="0" type="stmt"/>
        <line num="33" count="1" type="cond" truecount="2" falsecount="1"/>
        <line num="34" count="0" type="stmt"/>
        <line num="36" count="1" type="stmt"/>
        <line num="37" count="1" type="stmt"/>
        <line num="38" count="1" type="stmt"/>
        <line num="39" count="1" type="stmt"/>
        <line num="40" count="1" type="stmt"/>
        <line num="41" count="1" type="stmt"/>
        <line num="42" count="1" type="stmt"/>
      </file>
    </package>
    <package name="application.mapper">
      <metrics statements="3" coveredstatements="3" conditionals="0" coveredconditionals="0" methods="1" coveredmethods="1"/>
      <file name="AssignmentMapper.ts" path="C:\Users\Usuario\Documents\programacion\microservicios\ms-dispatch-service\src\application\mapper\AssignmentMapper.ts">
        <metrics statements="3" coveredstatements="3" conditionals="0" coveredconditionals="0" methods="1" coveredmethods="1"/>
        <line num="2" count="2" type="stmt"/>
        <line num="7" count="2" type="stmt"/>
        <line num="9" count="2" type="stmt"/>
      </file>
    </package>
    <package name="application.service">
      <metrics statements="21" coveredstatements="16" conditionals="2" coveredconditionals="2" methods="4" coveredmethods="3"/>
      <file name="DispatchShipmentService.ts" path="C:\Users\Usuario\Documents\programacion\microservicios\ms-dispatch-service\src\application\service\DispatchShipmentService.ts">
        <metrics statements="21" coveredstatements="16" conditionals="2" coveredconditionals="2" methods="4" coveredmethods="3"/>
        <line num="1" count="1" type="stmt"/>
        <line num="8" count="1" type="stmt"/>
        <line num="17" count="1" type="stmt"/>
        <line num="23" count="0" type="stmt"/>
        <line num="24" count="0" type="stmt"/>
        <line num="25" count="0" type="stmt"/>
        <line num="27" count="0" type="stmt"/>
        <line num="28" count="0" type="stmt"/>
        <line num="33" count="5" type="stmt"/>
        <line num="34" count="5" type="stmt"/>
        <line num="35" count="5" type="stmt"/>
        <line num="39" count="5" type="stmt"/>
        <line num="42" count="5" type="stmt"/>
        <line num="49" count="5" type="stmt"/>
        <line num="51" count="4" type="stmt"/>
        <line num="57" count="4" type="stmt"/>
        <line num="59" count="4" type="stmt"/>
        <line num="61" count="2" type="stmt"/>
        <line num="65" count="2" type="stmt"/>
        <line num="67" count="1" type="stmt"/>
        <line num="76" count="5" type="cond" truecount="2" falsecount="0"/>
      </file>
    </package>
    <package name="domain.entity">
      <metrics statements="18" coveredstatements="13" conditionals="4" coveredconditionals="0" methods="3" coveredmethods="2"/>
      <file name="Assignament.ts" path="C:\Users\Usuario\Documents\programacion\microservicios\ms-dispatch-service\src\domain\entity\Assignament.ts">
        <metrics statements="18" coveredstatements="13" conditionals="4" coveredconditionals="0" methods="3" coveredmethods="2"/>
        <line num="1" count="1" type="stmt"/>
        <line num="3" count="1" type="stmt"/>
        <line num="17" count="1" type="cond" truecount="0" falsecount="1"/>
        <line num="18" count="0" type="stmt"/>
        <line num="20" count="1" type="cond" truecount="0" falsecount="1"/>
        <line num="21" count="0" type="stmt"/>
        <line num="23" count="1" type="cond" truecount="0" falsecount="1"/>
        <line num="24" count="0" type="stmt"/>
        <line num="26" count="1" type="cond" truecount="0" falsecount="1"/>
        <line num="27" count="0" type="stmt"/>
        <line num="29" count="1" type="stmt"/>
        <line num="30" count="1" type="stmt"/>
        <line num="31" count="1" type="stmt"/>
        <line num="32" count="1" type="stmt"/>
        <line num="33" count="1" type="stmt"/>
        <line num="41" count="1" type="stmt"/>
        <line num="42" count="1" type="stmt"/>
        <line num="46" count="0" type="stmt"/>
      </file>
    </package>
    <package name="domain.exceptions">
      <metrics statements="4" coveredstatements="4" conditionals="0" coveredconditionals="0" methods="1" coveredmethods="1"/>
      <file name="DomainError.ts" path="C:\Users\Usuario\Documents\programacion\microservicios\ms-dispatch-service\src\domain\exceptions\DomainError.ts">
        <metrics statements="4" coveredstatements="4" conditionals="0" coveredconditionals="0" methods="1" coveredmethods="1"/>
        <line num="1" count="1" type="stmt"/>
        <line num="3" count="2" type="stmt"/>
        <line num="4" count="2" type="stmt"/>
        <line num="5" count="2" type="stmt"/>
      </file>
    </package>
    <package name="domain.service">
      <metrics statements="30" coveredstatements="30" conditionals="9" coveredconditionals="6" methods="2" coveredmethods="2"/>
      <file name="DispatchDomainService.ts" path="C:\Users\Usuario\Documents\programacion\microservicios\ms-dispatch-service\src\domain\service\DispatchDomainService.ts">
        <metrics statements="30" coveredstatements="30" conditionals="9" coveredconditionals="6" methods="2" coveredmethods="2"/>
        <line num="1" count="1" type="stmt"/>
        <line num="2" count="1" type="stmt"/>
        <line num="46" count="1" type="stmt"/>
        <line num="52" count="3" type="cond" truecount="1" falsecount="0"/>
        <line num="53" count="1" type="stmt"/>
        <line num="56" count="2" type="stmt"/>
        <line num="57" count="2" type="stmt"/>
        <line num="59" count="2" type="cond" truecount="1" falsecount="1"/>
        <line num="60" count="2" type="cond" truecount="1" falsecount="1"/>
        <line num="61" count="2" type="cond" truecount="1" falsecount="1"/>
        <line num="63" count="2" type="stmt"/>
        <line num="64" count="5" type="stmt"/>
        <line num="67" count="2" type="stmt"/>
        <line num="69" count="2" type="stmt"/>
        <line num="70" count="3" type="stmt"/>
        <line num="72" count="3" type="stmt"/>
        <line num="73" count="3" type="stmt"/>
        <line num="74" count="3" type="stmt"/>
        <line num="75" count="3" type="stmt"/>
        <line num="77" count="3" type="stmt"/>
        <line num="78" count="3" type="stmt"/>
        <line num="79" count="3" type="stmt"/>
        <line num="80" count="3" type="stmt"/>
        <line num="82" count="3" type="stmt"/>
        <line num="84" count="3" type="cond" truecount="1" falsecount="0"/>
        <line num="85" count="1" type="stmt"/>
        <line num="86" count="1" type="stmt"/>
        <line num="90" count="2" type="cond" truecount="1" falsecount="0"/>
        <line num="91" count="1" type="stmt"/>
        <line num="94" count="1" type="stmt"/>
      </file>
    </package>
    <package name="infrastructure.config">
      <metrics statements="16" coveredstatements="16" conditionals="18" coveredconditionals="17" methods="2" coveredmethods="2"/>
      <file name="database.ts" path="C:\Users\Usuario\Documents\programacion\microservicios\ms-dispatch-service\src\infrastructure\config\database.ts">
        <metrics statements="5" coveredstatements="5" conditionals="10" coveredconditionals="10" methods="0" coveredmethods="0"/>
        <line num="1" count="2" type="stmt"/>
        <line num="2" count="2" type="stmt"/>
        <line num="4" count="2" type="stmt"/>
        <line num="6" count="2" type="stmt"/>
        <line num="17" count="2" type="stmt"/>
      </file>
      <file name="messageBroker.ts" path="C:\Users\Usuario\Documents\programacion\microservicios\ms-dispatch-service\src\infrastructure\config\messageBroker.ts">
        <metrics statements="11" coveredstatements="11" conditionals="8" coveredconditionals="7" methods="2" coveredmethods="2"/>
        <line num="1" count="1" type="stmt"/>
        <line num="2" count="1" type="stmt"/>
        <line num="4" count="1" type="stmt"/>
        <line num="6" count="1" type="stmt"/>
        <line num="12" count="1" type="stmt"/>
        <line num="13" count="1" type="cond" truecount="2" falsecount="0"/>
        <line num="15" count="1" type="stmt"/>
        <line num="16" count="3" type="stmt"/>
        <line num="17" count="2" type="stmt"/>
        <line num="18" count="1" type="stmt"/>
        <line num="26" count="1" type="cond" truecount="2" falsecount="0"/>
      </file>
    </package>
    <package name="infrastructure.messaging">
      <metrics statements="34" coveredstatements="34" conditionals="11" coveredconditionals="11" methods="11" coveredmethods="11"/>
      <file name="EventPublisher.ts" path="C:\Users\Usuario\Documents\programacion\microservicios\ms-dispatch-service\src\infrastructure\messaging\EventPublisher.ts">
        <metrics statements="3" coveredstatements="3" conditionals="0" coveredconditionals="0" methods="2" coveredmethods="2"/>
        <line num="8" count="1" type="stmt"/>
        <line num="12" count="3" type="stmt"/>
        <line num="19" count="5" type="stmt"/>
      </file>
      <file name="KafkaConsumer.ts" path="C:\Users\Usuario\Documents\programacion\microservicios\ms-dispatch-service\src\infrastructure\messaging\KafkaConsumer.ts">
        <metrics statements="10" coveredstatements="10" conditionals="4" coveredconditionals="4" methods="3" coveredmethods="3"/>
        <line num="1" count="1" type="stmt"/>
        <line num="6" count="1" type="stmt"/>
        <line num="11" count="3" type="stmt"/>
        <line num="12" count="3" type="stmt"/>
        <line num="14" count="3" type="cond" truecount="2" falsecount="0"/>
        <line num="15" count="3" type="stmt"/>
        <line num="16" count="3" type="stmt"/>
        <line num="17" count="1" type="stmt"/>
        <line num="19" count="2" type="stmt"/>
        <line num="31" count="2" type="cond" truecount="2" falsecount="0"/>
      </file>
      <file name="KafkaProducer.ts" path="C:\Users\Usuario\Documents\programacion\microservicios\ms-dispatch-service\src\infrastructure\messaging\KafkaProducer.ts">
        <metrics statements="9" coveredstatements="9" conditionals="4" coveredconditionals="4" methods="2" coveredmethods="2"/>
        <line num="1" count="1" type="stmt"/>
        <line num="6" count="1" type="stmt"/>
        <line num="11" count="3" type="stmt"/>
        <line num="12" count="3" type="cond" truecount="2" falsecount="0"/>
        <line num="13" count="3" type="stmt"/>
        <line num="17" count="2" type="stmt"/>
        <line num="19" count="1" type="stmt"/>
        <line num="20" count="1" type="stmt"/>
        <line num="30" count="3" type="cond" truecount="2" falsecount="0"/>
      </file>
      <file name="ShipmentCreatedConsumer.ts" path="C:\Users\Usuario\Documents\programacion\microservicios\ms-dispatch-service\src\infrastructure\messaging\ShipmentCreatedConsumer.ts">
        <metrics statements="12" coveredstatements="12" conditionals="3" coveredconditionals="3" methods="4" coveredmethods="4"/>
        <line num="9" count="1" type="stmt"/>
        <line num="11" count="4" type="stmt"/>
        <line num="12" count="4" type="stmt"/>
        <line num="16" count="4" type="stmt"/>
        <line num="17" count="3" type="stmt"/>
        <line num="18" count="3" type="cond" truecount="1" falsecount="0"/>
        <line num="19" count="1" type="stmt"/>
        <line num="20" count="1" type="stmt"/>
        <line num="22" count="2" type="stmt"/>
        <line num="24" count="2" type="stmt"/>
        <line num="26" count="1" type="stmt"/>
        <line num="37" count="3" type="cond" truecount="2" falsecount="0"/>
      </file>
    </package>
    <package name="infrastructure.repository">
      <metrics statements="8" coveredstatements="8" conditionals="0" coveredconditionals="0" methods="1" coveredmethods="1"/>
      <file name="MySQLAssignmentRepository.ts" path="C:\Users\Usuario\Documents\programacion\microservicios\ms-dispatch-service\src\infrastructure\repository\MySQLAssignmentRepository.ts">
        <metrics statements="8" coveredstatements="8" conditionals="0" coveredconditionals="0" methods="1" coveredmethods="1"/>
        <line num="1" count="1" type="stmt"/>
        <line num="2" count="1" type="stmt"/>
        <line num="9" count="1" type="stmt"/>
        <line num="11" count="1" type="stmt"/>
        <line num="12" count="1" type="stmt"/>
        <line num="13" count="1" type="stmt"/>
        <line num="19" count="1" type="stmt"/>
        <line num="27" count="1" type="stmt"/>
      </file>
    </package>
  </project>
</coverage>
