{"C:\\Users\\Usuario\\Documents\\programacion\\microservicios\\dispatch-service\\src\\application\\dto\\AssignmentDto.ts": {"path":"C:\\Users\\Usuario\\Documents\\programacion\\microservicios\\dispatch-service\\src\\application\\dto\\AssignmentDto.ts","statementMap":{"0":{"start":{"line":19,"column":6},"end":{"line":19,"column":44}},"1":{"start":{"line":20,"column":6},"end":{"line":20,"column":40}},"2":{"start":{"line":21,"column":6},"end":{"line":21,"column":36}},"3":{"start":{"line":22,"column":6},"end":{"line":22,"column":40}},"4":{"start":{"line":23,"column":6},"end":{"line":23,"column":30}},"5":{"start":{"line":5,"column":0},"end":{"line":5,"column":13}}},"fnMap":{"0":{"name":"(anonymous_0)","decl":{"start":{"line":12,"column":4},"end":{"line":12,"column":16}},"loc":{"start":{"line":18,"column":5},"end":{"line":24,"column":5}}}},"branchMap":{},"s":{"0":1,"1":1,"2":1,"3":1,"4":1,"5":2},"f":{"0":1},"b":{}}
,"C:\\Users\\Usuario\\Documents\\programacion\\microservicios\\dispatch-service\\src\\application\\dto\\CreateAssignmentDto.ts": {"path":"C:\\Users\\Usuario\\Documents\\programacion\\microservicios\\dispatch-service\\src\\application\\dto\\CreateAssignmentDto.ts","statementMap":{"0":{"start":{"line":25,"column":4},"end":{"line":25,"column":69}},"1":{"start":{"line":25,"column":26},"end":{"line":25,"column":69}},"2":{"start":{"line":26,"column":4},"end":{"line":26,"column":61}},"3":{"start":{"line":26,"column":22},"end":{"line":26,"column":61}},"4":{"start":{"line":27,"column":4},"end":{"line":27,"column":71}},"5":{"start":{"line":27,"column":27},"end":{"line":27,"column":71}},"6":{"start":{"line":28,"column":4},"end":{"line":28,"column":71}},"7":{"start":{"line":28,"column":27},"end":{"line":28,"column":71}},"8":{"start":{"line":29,"column":4},"end":{"line":30,"column":49}},"9":{"start":{"line":30,"column":6},"end":{"line":30,"column":49}},"10":{"start":{"line":31,"column":4},"end":{"line":32,"column":49}},"11":{"start":{"line":32,"column":6},"end":{"line":32,"column":49}},"12":{"start":{"line":33,"column":4},"end":{"line":34,"column":48}},"13":{"start":{"line":34,"column":6},"end":{"line":34,"column":48}},"14":{"start":{"line":36,"column":4},"end":{"line":36,"column":38}},"15":{"start":{"line":37,"column":4},"end":{"line":37,"column":30}},"16":{"start":{"line":38,"column":4},"end":{"line":38,"column":40}},"17":{"start":{"line":39,"column":4},"end":{"line":39,"column":40}},"18":{"start":{"line":40,"column":4},"end":{"line":40,"column":38}},"19":{"start":{"line":41,"column":4},"end":{"line":41,"column":38}},"20":{"start":{"line":42,"column":4},"end":{"line":42,"column":36}},"21":{"start":{"line":6,"column":0},"end":{"line":6,"column":13}}},"fnMap":{"0":{"name":"(anonymous_0)","decl":{"start":{"line":16,"column":2},"end":{"line":16,"column":14}},"loc":{"start":{"line":24,"column":3},"end":{"line":43,"column":3}}}},"branchMap":{"0":{"loc":{"start":{"line":25,"column":4},"end":{"line":25,"column":69}},"type":"if","locations":[{"start":{"line":25,"column":4},"end":{"line":25,"column":69}}]},"1":{"loc":{"start":{"line":26,"column":4},"end":{"line":26,"column":61}},"type":"if","locations":[{"start":{"line":26,"column":4},"end":{"line":26,"column":61}}]},"2":{"loc":{"start":{"line":27,"column":4},"end":{"line":27,"column":71}},"type":"if","locations":[{"start":{"line":27,"column":4},"end":{"line":27,"column":71}}]},"3":{"loc":{"start":{"line":28,"column":4},"end":{"line":28,"column":71}},"type":"if","locations":[{"start":{"line":28,"column":4},"end":{"line":28,"column":71}}]},"4":{"loc":{"start":{"line":29,"column":4},"end":{"line":30,"column":49}},"type":"if","locations":[{"start":{"line":29,"column":4},"end":{"line":30,"column":49}}]},"5":{"loc":{"start":{"line":29,"column":8},"end":{"line":29,"column":65}},"type":"binary-expr","locations":[{"start":{"line":29,"column":8},"end":{"line":29,"column":37}},{"start":{"line":29,"column":41},"end":{"line":29,"column":65}}]},"6":{"loc":{"start":{"line":31,"column":4},"end":{"line":32,"column":49}},"type":"if","locations":[{"start":{"line":31,"column":4},"end":{"line":32,"column":49}}]},"7":{"loc":{"start":{"line":31,"column":8},"end":{"line":31,"column":65}},"type":"binary-expr","locations":[{"start":{"line":31,"column":8},"end":{"line":31,"column":37}},{"start":{"line":31,"column":41},"end":{"line":31,"column":65}}]},"8":{"loc":{"start":{"line":33,"column":4},"end":{"line":34,"column":48}},"type":"if","locations":[{"start":{"line":33,"column":4},"end":{"line":34,"column":48}}]},"9":{"loc":{"start":{"line":33,"column":8},"end":{"line":33,"column":63}},"type":"binary-expr","locations":[{"start":{"line":33,"column":8},"end":{"line":33,"column":36}},{"start":{"line":33,"column":40},"end":{"line":33,"column":63}}]}},"s":{"0":1,"1":0,"2":1,"3":0,"4":1,"5":0,"6":1,"7":0,"8":1,"9":0,"10":1,"11":0,"12":1,"13":0,"14":1,"15":1,"16":1,"17":1,"18":1,"19":1,"20":1,"21":1},"f":{"0":1},"b":{"0":[0],"1":[0],"2":[0],"3":[0],"4":[0],"5":[1,1],"6":[0],"7":[1,1],"8":[0],"9":[1,1]}}
,"C:\\Users\\Usuario\\Documents\\programacion\\microservicios\\dispatch-service\\src\\application\\mapper\\AssignmentMapper.ts": {"path":"C:\\Users\\Usuario\\Documents\\programacion\\microservicios\\dispatch-service\\src\\application\\mapper\\AssignmentMapper.ts","statementMap":{"0":{"start":{"line":2,"column":0},"end":{"line":2,"column":53}},"1":{"start":{"line":9,"column":4},"end":{"line":15,"column":7}},"2":{"start":{"line":7,"column":0},"end":{"line":7,"column":13}}},"fnMap":{"0":{"name":"(anonymous_0)","decl":{"start":{"line":8,"column":9},"end":{"line":8,"column":15}},"loc":{"start":{"line":8,"column":44},"end":{"line":16,"column":3}}}},"branchMap":{},"s":{"0":2,"1":2,"2":2},"f":{"0":2},"b":{}}
,"C:\\Users\\Usuario\\Documents\\programacion\\microservicios\\dispatch-service\\src\\application\\service\\DispatchShipmentService.ts": {"path":"C:\\Users\\Usuario\\Documents\\programacion\\microservicios\\dispatch-service\\src\\application\\service\\DispatchShipmentService.ts","statementMap":{"0":{"start":{"line":1,"column":0},"end":{"line":1,"column":26}},"1":{"start":{"line":8,"column":0},"end":{"line":8,"column":62}},"2":{"start":{"line":23,"column":4},"end":{"line":23,"column":null}},"3":{"start":{"line":24,"column":4},"end":{"line":30,"column":5}},"4":{"start":{"line":25,"column":23},"end":{"line":25,"column":89}},"5":{"start":{"line":26,"column":6},"end":{"line":26,"column":27}},"6":{"start":{"line":28,"column":6},"end":{"line":28,"column":74}},"7":{"start":{"line":29,"column":6},"end":{"line":29,"column":78}},"8":{"start":{"line":34,"column":21},"end":{"line":34,"column":64}},"9":{"start":{"line":35,"column":21},"end":{"line":35,"column":65}},"10":{"start":{"line":36,"column":21},"end":{"line":36,"column":51}},"11":{"start":{"line":40,"column":4},"end":{"line":40,"column":107}},"12":{"start":{"line":43,"column":51},"end":{"line":48,"column":6}},"13":{"start":{"line":50,"column":42},"end":{"line":50,"column":84}},"14":{"start":{"line":52,"column":41},"end":{"line":56,"column":6}},"15":{"start":{"line":58,"column":23},"end":{"line":58,"column":101}},"16":{"start":{"line":60,"column":4},"end":{"line":60,"column":53}},"17":{"start":{"line":62,"column":25},"end":{"line":65,"column":6}},"18":{"start":{"line":66,"column":4},"end":{"line":66,"column":71}},"19":{"start":{"line":68,"column":4},"end":{"line":68,"column":46}},"20":{"start":{"line":17,"column":0},"end":{"line":17,"column":13}}},"fnMap":{"0":{"name":"(anonymous_1)","decl":{"start":{"line":22,"column":10},"end":{"line":22,"column":15}},"loc":{"start":{"line":22,"column":48},"end":{"line":31,"column":3}}},"1":{"name":"(anonymous_2)","decl":{"start":{"line":33,"column":2},"end":{"line":33,"column":null}},"loc":{"start":{"line":36,"column":51},"end":{"line":37,"column":6}}},"2":{"name":"(anonymous_3)","decl":{"start":{"line":39,"column":9},"end":{"line":39,"column":14}},"loc":{"start":{"line":39,"column":47},"end":{"line":69,"column":3}}}},"branchMap":{},"s":{"0":1,"1":1,"2":0,"3":0,"4":0,"5":0,"6":0,"7":0,"8":5,"9":5,"10":5,"11":5,"12":5,"13":5,"14":4,"15":4,"16":4,"17":2,"18":2,"19":1,"20":1},"f":{"0":0,"1":5,"2":5},"b":{}}
,"C:\\Users\\Usuario\\Documents\\programacion\\microservicios\\dispatch-service\\src\\domain\\entity\\Assignament.ts": {"path":"C:\\Users\\Usuario\\Documents\\programacion\\microservicios\\dispatch-service\\src\\domain\\entity\\Assignament.ts","statementMap":{"0":{"start":{"line":1,"column":0},"end":{"line":1,"column":56}},"1":{"start":{"line":17,"column":4},"end":{"line":19,"column":5}},"2":{"start":{"line":18,"column":6},"end":{"line":18,"column":69}},"3":{"start":{"line":20,"column":4},"end":{"line":22,"column":5}},"4":{"start":{"line":21,"column":6},"end":{"line":21,"column":73}},"5":{"start":{"line":23,"column":4},"end":{"line":25,"column":5}},"6":{"start":{"line":24,"column":6},"end":{"line":24,"column":71}},"7":{"start":{"line":26,"column":4},"end":{"line":28,"column":5}},"8":{"start":{"line":27,"column":6},"end":{"line":27,"column":57}},"9":{"start":{"line":29,"column":4},"end":{"line":29,"column":37}},"10":{"start":{"line":30,"column":4},"end":{"line":30,"column":33}},"11":{"start":{"line":31,"column":4},"end":{"line":31,"column":29}},"12":{"start":{"line":32,"column":4},"end":{"line":32,"column":33}},"13":{"start":{"line":33,"column":4},"end":{"line":33,"column":23}},"14":{"start":{"line":41,"column":25},"end":{"line":41,"column":80}},"15":{"start":{"line":42,"column":4},"end":{"line":42,"column":81}},"16":{"start":{"line":46,"column":4},"end":{"line":46,"column":191}},"17":{"start":{"line":3,"column":0},"end":{"line":3,"column":13}}},"fnMap":{"0":{"name":"(anonymous_0)","decl":{"start":{"line":10,"column":2},"end":{"line":10,"column":null}},"loc":{"start":{"line":15,"column":17},"end":{"line":34,"column":3}}},"1":{"name":"(anonymous_1)","decl":{"start":{"line":36,"column":9},"end":{"line":36,"column":15}},"loc":{"start":{"line":39,"column":17},"end":{"line":43,"column":3}}},"2":{"name":"(anonymous_2)","decl":{"start":{"line":45,"column":9},"end":{"line":45,"column":17}},"loc":{"start":{"line":45,"column":17},"end":{"line":47,"column":3}}}},"branchMap":{"0":{"loc":{"start":{"line":17,"column":4},"end":{"line":19,"column":5}},"type":"if","locations":[{"start":{"line":17,"column":4},"end":{"line":19,"column":5}}]},"1":{"loc":{"start":{"line":20,"column":4},"end":{"line":22,"column":5}},"type":"if","locations":[{"start":{"line":20,"column":4},"end":{"line":22,"column":5}}]},"2":{"loc":{"start":{"line":23,"column":4},"end":{"line":25,"column":5}},"type":"if","locations":[{"start":{"line":23,"column":4},"end":{"line":25,"column":5}}]},"3":{"loc":{"start":{"line":26,"column":4},"end":{"line":28,"column":5}},"type":"if","locations":[{"start":{"line":26,"column":4},"end":{"line":28,"column":5}}]}},"s":{"0":1,"1":1,"2":0,"3":1,"4":0,"5":1,"6":0,"7":1,"8":0,"9":1,"10":1,"11":1,"12":1,"13":1,"14":1,"15":1,"16":0,"17":1},"f":{"0":1,"1":1,"2":0},"b":{"0":[0],"1":[0],"2":[0],"3":[0]}}
,"C:\\Users\\Usuario\\Documents\\programacion\\microservicios\\dispatch-service\\src\\domain\\exceptions\\DomainError.ts": {"path":"C:\\Users\\Usuario\\Documents\\programacion\\microservicios\\dispatch-service\\src\\domain\\exceptions\\DomainError.ts","statementMap":{"0":{"start":{"line":3,"column":8},"end":{"line":3,"column":23}},"1":{"start":{"line":4,"column":8},"end":{"line":4,"column":34}},"2":{"start":{"line":5,"column":8},"end":{"line":5,"column":58}},"3":{"start":{"line":1,"column":0},"end":{"line":1,"column":13}}},"fnMap":{"0":{"name":"(anonymous_0)","decl":{"start":{"line":2,"column":4},"end":{"line":2,"column":17}},"loc":{"start":{"line":2,"column":32},"end":{"line":6,"column":5}}}},"branchMap":{},"s":{"0":2,"1":2,"2":2,"3":1},"f":{"0":2},"b":{}}
,"C:\\Users\\Usuario\\Documents\\programacion\\microservicios\\dispatch-service\\src\\domain\\service\\DispatchDomainService.ts": {"path":"C:\\Users\\Usuario\\Documents\\programacion\\microservicios\\dispatch-service\\src\\domain\\service\\DispatchDomainService.ts","statementMap":{"0":{"start":{"line":1,"column":0},"end":{"line":1,"column":51}},"1":{"start":{"line":2,"column":0},"end":{"line":2,"column":56}},"2":{"start":{"line":52,"column":4},"end":{"line":54,"column":5}},"3":{"start":{"line":53,"column":6},"end":{"line":53,"column":78}},"4":{"start":{"line":56,"column":20},"end":{"line":56,"column":44}},"5":{"start":{"line":57,"column":52},"end":{"line":57,"column":56}},"6":{"start":{"line":59,"column":23},"end":{"line":59,"column":47}},"7":{"start":{"line":60,"column":23},"end":{"line":60,"column":47}},"8":{"start":{"line":61,"column":22},"end":{"line":61,"column":45}},"9":{"start":{"line":63,"column":30},"end":{"line":65,"column":5}},"10":{"start":{"line":64,"column":6},"end":{"line":64,"column":49}},"11":{"start":{"line":67,"column":40},"end":{"line":67,"column":96}},"12":{"start":{"line":69,"column":4},"end":{"line":88,"column":5}},"13":{"start":{"line":70,"column":31},"end":{"line":70,"column":92}},"14":{"start":{"line":72,"column":27},"end":{"line":72,"column":68}},"15":{"start":{"line":73,"column":38},"end":{"line":73,"column":90}},"16":{"start":{"line":74,"column":29},"end":{"line":74,"column":32}},"17":{"start":{"line":75,"column":24},"end":{"line":75,"column":79}},"18":{"start":{"line":77,"column":28},"end":{"line":77,"column":74}},"19":{"start":{"line":78,"column":23},"end":{"line":78,"column":75}},"20":{"start":{"line":79,"column":24},"end":{"line":79,"column":26}},"21":{"start":{"line":80,"column":24},"end":{"line":80,"column":44}},"22":{"start":{"line":82,"column":20},"end":{"line":82,"column":67}},"23":{"start":{"line":84,"column":6},"end":{"line":87,"column":7}},"24":{"start":{"line":85,"column":8},"end":{"line":85,"column":26}},"25":{"start":{"line":86,"column":8},"end":{"line":86,"column":38}},"26":{"start":{"line":90,"column":4},"end":{"line":92,"column":5}},"27":{"start":{"line":91,"column":6},"end":{"line":91,"column":80}},"28":{"start":{"line":94,"column":4},"end":{"line":94,"column":89}},"29":{"start":{"line":46,"column":0},"end":{"line":46,"column":13}}},"fnMap":{"0":{"name":"(anonymous_0)","decl":{"start":{"line":47,"column":9},"end":{"line":47,"column":23}},"loc":{"start":{"line":50,"column":32},"end":{"line":95,"column":3}}},"1":{"name":"(anonymous_1)","decl":{"start":{"line":63,"column":30},"end":{"line":63,"column":31}},"loc":{"start":{"line":63,"column":69},"end":{"line":65,"column":5}}}},"branchMap":{"0":{"loc":{"start":{"line":52,"column":4},"end":{"line":54,"column":5}},"type":"if","locations":[{"start":{"line":52,"column":4},"end":{"line":54,"column":5}}]},"1":{"loc":{"start":{"line":59,"column":23},"end":{"line":59,"column":47}},"type":"binary-expr","locations":[{"start":{"line":59,"column":23},"end":{"line":59,"column":42}},{"start":{"line":59,"column":46},"end":{"line":59,"column":47}}]},"2":{"loc":{"start":{"line":60,"column":23},"end":{"line":60,"column":47}},"type":"binary-expr","locations":[{"start":{"line":60,"column":23},"end":{"line":60,"column":42}},{"start":{"line":60,"column":46},"end":{"line":60,"column":47}}]},"3":{"loc":{"start":{"line":61,"column":22},"end":{"line":61,"column":45}},"type":"binary-expr","locations":[{"start":{"line":61,"column":22},"end":{"line":61,"column":40}},{"start":{"line":61,"column":44},"end":{"line":61,"column":45}}]},"4":{"loc":{"start":{"line":84,"column":6},"end":{"line":87,"column":7}},"type":"if","locations":[{"start":{"line":84,"column":6},"end":{"line":87,"column":7}}]},"5":{"loc":{"start":{"line":90,"column":4},"end":{"line":92,"column":5}},"type":"if","locations":[{"start":{"line":90,"column":4},"end":{"line":92,"column":5}}]}},"s":{"0":1,"1":1,"2":3,"3":1,"4":2,"5":2,"6":2,"7":2,"8":2,"9":2,"10":5,"11":2,"12":2,"13":3,"14":3,"15":3,"16":3,"17":3,"18":3,"19":3,"20":3,"21":3,"22":3,"23":3,"24":1,"25":1,"26":2,"27":1,"28":1,"29":1},"f":{"0":3,"1":5},"b":{"0":[1],"1":[2,0],"2":[2,0],"3":[2,0],"4":[1],"5":[1]}}
}
