TN:
SF:src\application\dto\AssignmentDto.ts
FN:12,(anonymous_0)
FNF:1
FNH:1
FNDA:1,(anonymous_0)
DA:5,2
DA:19,1
DA:20,1
DA:21,1
DA:22,1
DA:23,1
LF:6
LH:6
BRF:0
BRH:0
end_of_record
TN:
SF:src\application\dto\CreateAssignmentDto.ts
FN:16,(anonymous_0)
FNF:1
FNH:1
FNDA:1,(anonymous_0)
DA:6,1
DA:25,1
DA:26,1
DA:27,1
DA:28,1
DA:29,1
DA:30,0
DA:31,1
DA:32,0
DA:33,1
DA:34,0
DA:36,1
DA:37,1
DA:38,1
DA:39,1
DA:40,1
DA:41,1
DA:42,1
LF:18
LH:15
BRDA:25,0,0,0
BRDA:26,1,0,0
BRDA:27,2,0,0
BRDA:28,3,0,0
BRDA:29,4,0,0
BRDA:29,5,0,1
BRDA:29,5,1,1
BRDA:31,6,0,0
BRDA:31,7,0,1
BRDA:31,7,1,1
BRDA:33,8,0,0
BRDA:33,9,0,1
BRDA:33,9,1,1
BRF:13
BRH:6
end_of_record
TN:
SF:src\application\mapper\AssignmentMapper.ts
FN:8,(anonymous_0)
FNF:1
FNH:1
FNDA:2,(anonymous_0)
DA:2,2
DA:7,2
DA:9,2
LF:3
LH:3
BRF:0
BRH:0
end_of_record
TN:
SF:src\application\service\DispatchShipmentService.ts
FN:22,(anonymous_1)
FN:33,(anonymous_2)
FN:39,(anonymous_3)
FNF:3
FNH:2
FNDA:0,(anonymous_1)
FNDA:5,(anonymous_2)
FNDA:5,(anonymous_3)
DA:1,1
DA:8,1
DA:17,1
DA:23,0
DA:24,0
DA:25,0
DA:26,0
DA:28,0
DA:29,0
DA:34,5
DA:35,5
DA:36,5
DA:40,5
DA:43,5
DA:50,5
DA:52,4
DA:58,4
DA:60,4
DA:62,2
DA:66,2
DA:68,1
LF:21
LH:15
BRF:0
BRH:0
end_of_record
TN:
SF:src\domain\entity\Assignament.ts
FN:10,(anonymous_0)
FN:36,(anonymous_1)
FN:45,(anonymous_2)
FNF:3
FNH:2
FNDA:1,(anonymous_0)
FNDA:1,(anonymous_1)
FNDA:0,(anonymous_2)
DA:1,1
DA:3,1
DA:17,1
DA:18,0
DA:20,1
DA:21,0
DA:23,1
DA:24,0
DA:26,1
DA:27,0
DA:29,1
DA:30,1
DA:31,1
DA:32,1
DA:33,1
DA:41,1
DA:42,1
DA:46,0
LF:18
LH:13
BRDA:17,0,0,0
BRDA:20,1,0,0
BRDA:23,2,0,0
BRDA:26,3,0,0
BRF:4
BRH:0
end_of_record
TN:
SF:src\domain\exceptions\DomainError.ts
FN:2,(anonymous_0)
FNF:1
FNH:1
FNDA:2,(anonymous_0)
DA:1,1
DA:3,2
DA:4,2
DA:5,2
LF:4
LH:4
BRF:0
BRH:0
end_of_record
TN:
SF:src\domain\service\DispatchDomainService.ts
FN:47,(anonymous_0)
FN:63,(anonymous_1)
FNF:2
FNH:2
FNDA:3,(anonymous_0)
FNDA:5,(anonymous_1)
DA:1,1
DA:2,1
DA:46,1
DA:52,3
DA:53,1
DA:56,2
DA:57,2
DA:59,2
DA:60,2
DA:61,2
DA:63,2
DA:64,5
DA:67,2
DA:69,2
DA:70,3
DA:72,3
DA:73,3
DA:74,3
DA:75,3
DA:77,3
DA:78,3
DA:79,3
DA:80,3
DA:82,3
DA:84,3
DA:85,1
DA:86,1
DA:90,2
DA:91,1
DA:94,1
LF:30
LH:30
BRDA:52,0,0,1
BRDA:59,1,0,2
BRDA:59,1,1,0
BRDA:60,2,0,2
BRDA:60,2,1,0
BRDA:61,3,0,2
BRDA:61,3,1,0
BRDA:84,4,0,1
BRDA:90,5,0,1
BRF:9
BRH:6
end_of_record
